<?xml version="1.0" encoding="UTF-8"?>
<!-- Generated by org.testng.reporters.JUnitReportReporter -->
<testsuite hostname="Karthik" failures="0" tests="2" name="testCases.TC001_AccountRegistrationTest" time="3.175" errors="0" timestamp="2024-07-03T22:56:32 IST" skipped="0">
  <testcase classname="testCases.TC001_AccountRegistrationTest" name="verify_account_registration" time="1.552"/>
  <testcase classname="testCases.TC001_AccountRegistrationTest" name="verify_account_registration" time="1.623"/>
</testsuite> <!-- testCases.TC001_AccountRegistrationTest -->
