<?xml version="1.0" encoding="UTF-8"?>
<!-- Generated by org.testng.reporters.JUnitReportReporter -->
<testsuite hostname="Karthik" failures="0" tests="2" name="testCases.TC002_LoginTest" time="2.978" errors="0" timestamp="2024-07-03T22:56:32 IST" skipped="0">
  <testcase classname="testCases.TC002_LoginTest" name="verify_Login" time="1.450"/>
  <testcase classname="testCases.TC002_LoginTest" name="verify_Login" time="1.528"/>
</testsuite> <!-- testCases.TC002_LoginTest -->
