<?xml version="1.0" encoding="UTF-8"?>
<!-- Generated by org.testng.reporters.JUnitReportReporter -->
<testsuite hostname="Karthik" failures="0" tests="1" name="testCases.TC001_AccountRegistrationTest" time="1.518" errors="0" timestamp="2024-07-04T13:32:13 IST" skipped="0">
  <testcase classname="testCases.TC001_AccountRegistrationTest" name="verify_account_registration" time="1.518"/>
</testsuite> <!-- testCases.TC001_AccountRegistrationTest -->
